0 info it worked if it ends with ok
1 verbose cli [ '/Users/rwt/.nvm/versions/node/v5.0.0/bin/node',
1 verbose cli   '/Users/rwt/.nvm/versions/node/v5.0.0/bin/npm',
1 verbose cli   'run',
1 verbose cli   'server' ]
2 info using npm@4.0.3
3 info using node@v5.0.0
4 verbose run-script [ 'preserver', 'server', 'postserver' ]
5 info lifecycle learnwebsocket@1.0.0~preserver: learnwebsocket@1.0.0
6 silly lifecycle learnwebsocket@1.0.0~preserver: no script for preserver, continuing
7 info lifecycle learnwebsocket@1.0.0~server: learnwebsocket@1.0.0
8 verbose lifecycle learnwebsocket@1.0.0~server: unsafe-perm in lifecycle true
9 verbose lifecycle learnwebsocket@1.0.0~server: PATH: /Users/rwt/.nvm/versions/node/v5.0.0/lib/node_modules/npm/bin/node-gyp-bin:/Users/rwt/github/learnwebsocket/node_modules/.bin:/Users/rwt/.nvm/versions/node/v5.0.0/bin:/usr/local/bin:/usr/bin:/bin:/usr/sbin:/sbin
10 verbose lifecycle learnwebsocket@1.0.0~server: CWD: /Users/rwt/github/learnwebsocket
11 silly lifecycle learnwebsocket@1.0.0~server: Args: [ '-c', 'node node-stomp-broker/server.js' ]
12 silly lifecycle learnwebsocket@1.0.0~server: Returned: code: 1  signal: null
13 info lifecycle learnwebsocket@1.0.0~server: Failed to exec server script
14 verbose stack Error: learnwebsocket@1.0.0 server: `node node-stomp-broker/server.js`
14 verbose stack Exit status 1
14 verbose stack     at EventEmitter.<anonymous> (/Users/rwt/.nvm/versions/node/v5.0.0/lib/node_modules/npm/lib/utils/lifecycle.js:279:16)
14 verbose stack     at emitTwo (events.js:87:13)
14 verbose stack     at EventEmitter.emit (events.js:172:7)
14 verbose stack     at ChildProcess.<anonymous> (/Users/rwt/.nvm/versions/node/v5.0.0/lib/node_modules/npm/lib/utils/spawn.js:40:14)
14 verbose stack     at emitTwo (events.js:87:13)
14 verbose stack     at ChildProcess.emit (events.js:172:7)
14 verbose stack     at maybeClose (internal/child_process.js:818:16)
14 verbose stack     at Process.ChildProcess._handle.onexit (internal/child_process.js:211:5)
15 verbose pkgid learnwebsocket@1.0.0
16 verbose cwd /Users/rwt/github/learnwebsocket
17 error Darwin 15.4.0
18 error argv "/Users/rwt/.nvm/versions/node/v5.0.0/bin/node" "/Users/rwt/.nvm/versions/node/v5.0.0/bin/npm" "run" "server"
19 error node v5.0.0
20 error npm  v4.0.3
21 error code ELIFECYCLE
22 error learnwebsocket@1.0.0 server: `node node-stomp-broker/server.js`
22 error Exit status 1
23 error Failed at the learnwebsocket@1.0.0 server script 'node node-stomp-broker/server.js'.
23 error Make sure you have the latest version of node.js and npm installed.
23 error If you do, this is most likely a problem with the learnwebsocket package,
23 error not with npm itself.
23 error Tell the author that this fails on your system:
23 error     node node-stomp-broker/server.js
23 error You can get information on how to open an issue for this project with:
23 error     npm bugs learnwebsocket
23 error Or if that isn't available, you can get their info via:
23 error     npm owner ls learnwebsocket
23 error There is likely additional logging output above.
24 verbose exit [ 1, true ]
